[debug] [2019-05-01T01:24:51.243Z] ----------------------------------------------------------------------
[debug] [2019-05-01T01:24:51.246Z] Command:       /usr/local/bin/node /usr/local/bin/firebase serve
[debug] [2019-05-01T01:24:51.247Z] CLI Version:   6.7.1
[debug] [2019-05-01T01:24:51.247Z] Platform:      darwin
[debug] [2019-05-01T01:24:51.247Z] Node Version:  v8.10.0
[debug] [2019-05-01T01:24:51.247Z] Time:          Tue Apr 30 2019 21:24:51 GMT-0400 (EDT)
[debug] [2019-05-01T01:24:51.247Z] ----------------------------------------------------------------------
[debug] 
[debug] [2019-05-01T01:24:51.261Z] > command requires scopes: ["email","openid","https://www.googleapis.com/auth/cloudplatformprojects.readonly","https://www.googleapis.com/auth/firebase","https://www.googleapis.com/auth/cloud-platform"]
[debug] [2019-05-01T01:24:51.261Z] > authorizing via signed-in user
[debug] [2019-05-01T01:24:51.262Z] [iam] checking project anchor-me for permissions ["firebase.projects.get"]
[debug] [2019-05-01T01:24:51.263Z] > refreshing access token with scopes: ["email","https://www.googleapis.com/auth/cloud-platform","https://www.googleapis.com/auth/cloudplatformprojects.readonly","https://www.googleapis.com/auth/firebase","openid"]
[debug] [2019-05-01T01:24:51.264Z] >>> HTTP REQUEST POST https://www.googleapis.com/oauth2/v3/token  
 <request body omitted>
[debug] [2019-05-01T01:24:51.435Z] <<< HTTP RESPONSE 200
[debug] [2019-05-01T01:24:51.443Z] >>> HTTP REQUEST POST https://cloudresourcemanager.googleapis.com/v1/projects/anchor-me:testIamPermissions  

[debug] [2019-05-01T01:24:51.690Z] <<< HTTP RESPONSE 200
[debug] [2019-05-01T01:24:51.692Z] >>> HTTP REQUEST GET https://cloudresourcemanager.googleapis.com/v1/projects/anchor-me  
 
[debug] [2019-05-01T01:24:51.905Z] <<< HTTP RESPONSE 200
[info] 
[info] === Serving from '/Users/otto/Documents/CornellTech/Spring2019/StartupStudio/startup'...
[info] 
[debug] [2019-05-01T01:24:51.908Z] >>> HTTP REQUEST GET https://mobilesdk-pa.googleapis.com/v1/projects/1060146172993/clients/_:getWebAppConfig  
 
[debug] [2019-05-01T01:24:52.141Z] <<< HTTP RESPONSE 200
[info] i  hosting: Serving hosting files from: public
[info] ✔  hosting: Local server: http://localhost:5000
